Using config:
{'B_VALIDATION': False,
 'CAP': {'caption_cnn_path': '../data/STREAM/cnn_encoder.ckpt',
         'caption_rnn_path': '../data/STREAM/rnn_decoder.ckpt',
         'embed_size': 256,
         'hidden_size': 256,
         'learning_rate': 0.001,
         'num_layers': 1},
 'CONFIG_NAME': 'MirrorGAN',
 'CUDA': True,
 'DATASET_NAME': 'birds',
 'DATA_DIR': '../data/birds',
 'GAN': {'B_ATTENTION': True,
         'B_DCGAN': False,
         'CONDITION_DIM': 100,
         'DF_DIM': 64,
         'GF_DIM': 32,
         'R_NUM': 2,
         'Z_DIM': 100},
 'GPU_ID': 3,
 'OUTPUT_PATH': '/mnt/home/20170402/MirrorGAN',
 'RNN_TYPE': 'LSTM',
 'TEXT': {'CAPTIONS_PER_IMAGE': 10, 'EMBEDDING_DIM': 256, 'WORDS_NUM': 18},
 'TRAIN': {'BATCH_SIZE': 12,
           'B_NET_D': True,
           'DISCRIMINATOR_LR': 0.0002,
           'ENCODER_LR': 0.0002,
           'FLAG': True,
           'GENERATOR_LR': 0.0002,
           'MAX_EPOCH': 200,
           'NET_E': '../data/STEM/text_encoder.pth',
           'NET_G': '',
           'RNN_GRAD_CLIP': 0.25,
           'SMOOTH': {'GAMMA1': 4.0,
                      'GAMMA2': 5.0,
                      'GAMMA3': 10.0,
                      'LAMBDA': 0.0,
                      'LAMBDA1': 10.0},
           'SNAPSHOT_INTERVAL': 50},
 'TREE': {'BASE_SIZE': 64, 'BRANCH_NUM': 3},
 'WORKERS': 2}
Total filenames:  11788 001.Black_footed_Albatross/Black_Footed_Albatross_0046_18.jpg
Load filenames from: ../data/birds/train/filenames.pickle (8855)
Load filenames from: ../data/birds/test/filenames.pickle (2933)
Load from:  ../data/birds/bird_captions.pickle
../data/birds/train/class_info.pickle
Load pretrained model from  https://download.pytorch.org/models/inception_v3_google-1a9a5a14.pth
Load image encoder from: ../data/STEM/image_encoder.pth
Load text encoder from: ../data/STEM/text_encoder.pth
Load caption model from: ../data/STREAM/cnn_encoder.ckpt
Load caption model from: ../data/STREAM/rnn_decoder.ckpt
# of netsD 3
